2022-02-05 11:12:56,049 DEBUG    kuznetsov run.py Starting the server on the port 8080...
2022-02-05 11:13:10,100 DEBUG    kuznetsov run.py Starting the server on the port 8080...
2022-02-05 11:13:33,342 DEBUG    kuznetsov main.py / GET-request: {}
2022-02-05 11:13:37,585 DEBUG    kuznetsov main.py / GET-request: {}
2022-02-05 11:15:44,959 DEBUG    kuznetsov run.py Starting the server on the port 8080...
2022-02-05 11:22:44,184 DEBUG    kuznetsov run.py Starting the server on the port 8080...
2022-02-05 11:24:53,242 DEBUG    kuznetsov run.py Starting the server on the port 8080...
2022-02-05 11:25:09,700 DEBUG    kuznetsov main.py / GET-request: {}
2022-02-05 11:26:33,476 DEBUG    kuznetsov run.py Starting the server on the port 8080...
2022-02-05 11:26:37,469 DEBUG    kuznetsov main.py /index/ GET-request: {}
2022-02-05 11:26:38,582 DEBUG    kuznetsov main.py /about/ GET-request: {}
2022-02-05 11:26:39,843 DEBUG    kuznetsov main.py /contact/ GET-request: {}
2022-02-05 11:26:41,705 DEBUG    kuznetsov main.py /about/ GET-request: {}
2022-02-05 11:26:42,769 DEBUG    kuznetsov main.py /index/ GET-request: {}
2022-02-05 11:26:44,363 DEBUG    kuznetsov main.py /category-list/ GET-request: {}
2022-02-05 11:27:39,287 DEBUG    kuznetsov run.py Starting the server on the port 8080...
2022-02-05 11:28:43,832 DEBUG    kuznetsov run.py Starting the server on the port 8080...
2022-02-05 11:28:51,723 DEBUG    kuznetsov main.py / GET-request: {}
2022-02-05 11:28:54,553 DEBUG    kuznetsov main.py /index/ GET-request: {}
2022-02-05 11:28:55,338 DEBUG    kuznetsov main.py /about/ GET-request: {}
2022-02-05 11:28:56,440 DEBUG    kuznetsov main.py /contact/ GET-request: {}
2022-02-05 11:28:58,007 DEBUG    kuznetsov main.py /index/ GET-request: {}
2022-02-05 11:28:59,259 DEBUG    kuznetsov main.py /category-list/ GET-request: {}
2022-02-05 11:31:09,705 DEBUG    kuznetsov run.py Starting the server on the port 8080...
2022-02-05 11:31:18,799 DEBUG    kuznetsov main.py /category-list/ GET-request: {}
2022-02-05 11:33:54,884 DEBUG    kuznetsov run.py Starting the server on the port 8080...
2022-02-05 11:33:58,350 DEBUG    kuznetsov main.py /category-list/ GET-request: {}
2022-02-05 11:34:35,278 DEBUG    kuznetsov main.py /category-list/ GET-request: {}
2022-02-05 11:36:28,286 DEBUG    kuznetsov main.py /course-list/ GET-request: {}
2022-02-05 11:37:43,927 DEBUG    kuznetsov main.py /category-list/ GET-request: {}
2022-02-05 11:39:44,396 DEBUG    kuznetsov run.py Starting the server on the port 8080...
2022-02-05 11:39:49,314 DEBUG    kuznetsov main.py /category-list/ GET-request: {}
2022-02-05 11:44:55,948 DEBUG    kuznetsov run.py Starting the server on the port 8080...
2022-02-05 11:45:03,724 DEBUG    kuznetsov main.py /index/ GET-request: {}
2022-02-05 11:45:39,121 DEBUG    kuznetsov run.py Starting the server on the port 8080...
2022-02-05 11:45:46,061 DEBUG    kuznetsov main.py /index/ GET-request: {}
2022-02-05 11:51:47,721 DEBUG    kuznetsov run.py Starting the server on the port 8080...
2022-02-05 11:53:49,408 DEBUG    kuznetsov run.py Starting the server on the port 8080...
2022-02-05 11:53:58,578 DEBUG    kuznetsov main.py /index/ GET-request: {}
2022-02-05 11:56:32,639 DEBUG    kuznetsov run.py Starting the server on the port 8080...
2022-02-05 11:56:38,020 DEBUG    kuznetsov main.py /index/ GET-request: {}
2022-02-05 11:57:32,157 DEBUG    kuznetsov run.py Starting the server on the port 8080...
2022-02-05 11:57:34,240 DEBUG    kuznetsov main.py /index/ GET-request: {}
2022-02-05 11:58:20,823 DEBUG    kuznetsov main.py /category-list/ GET-request: {}
2022-02-05 12:04:13,075 DEBUG    kuznetsov run.py Starting the server on the port 8080...
2022-02-05 12:04:34,901 DEBUG    kuznetsov main.py /about/ GET-request: {}
2022-02-05 12:10:27,585 DEBUG    kuznetsov run.py Starting the server on the port 8080...
2022-02-05 12:11:41,084 DEBUG    kuznetsov run.py Starting the server on the port 8080...
2022-02-05 12:11:57,629 DEBUG    kuznetsov main.py /about/ GET-request: {}
2022-02-05 12:12:41,404 DEBUG    kuznetsov main.py / GET-request: {}
2022-02-05 12:12:50,631 DEBUG    kuznetsov main.py / GET-request: {}
2022-02-05 12:12:57,028 DEBUG    kuznetsov main.py /category-list/ GET-request: {}
2022-02-05 12:33:54,778 DEBUG    kuznetsov run.py Starting the server on the port 8080...
2022-02-05 12:34:02,929 DEBUG    kuznetsov main.py /category-list/ GET-request: {}
2022-02-05 12:34:21,963 DEBUG    kuznetsov main.py /index/ GET-request: {}
2022-02-05 12:34:41,463 DEBUG    kuznetsov main.py /category-list/ GET-request: {}
2022-02-05 12:35:31,563 DEBUG    kuznetsov run.py Starting the server on the port 8080...
2022-02-05 12:35:37,609 DEBUG    kuznetsov main.py /index/ GET-request: {}
2022-02-05 12:35:38,645 DEBUG    kuznetsov main.py /about/ GET-request: {}
2022-02-05 12:35:39,294 DEBUG    kuznetsov main.py /contact/ GET-request: {}
2022-02-05 12:35:40,794 DEBUG    kuznetsov main.py /category-list/ GET-request: {}
2022-02-05 12:35:43,144 DEBUG    kuznetsov main.py /course-list/ GET-request: {'id': '1'}
2022-02-05 12:54:46,140 DEBUG    kuznetsov run.py Starting the server on the port 8080...
2022-02-05 12:54:55,372 DEBUG    kuznetsov main.py /about/ GET-request: {}
2022-02-05 12:55:01,705 DEBUG    kuznetsov main.py /category-list/ GET-request: {}
2022-02-05 13:03:41,225 DEBUG    kuznetsov run.py Starting the server on the port 8080...
2022-02-05 13:03:53,591 DEBUG    kuznetsov main.py /index/ GET-request: {}
2022-02-05 13:04:57,286 DEBUG    kuznetsov main.py /category-list/ GET-request: {}
2022-02-05 13:14:58,632 DEBUG    kuznetsov run.py Starting the server on the port 8080...
2022-02-05 13:15:05,125 DEBUG    kuznetsov main.py /index/ GET-request: {}
2022-02-05 13:15:12,488 DEBUG    kuznetsov main.py /category-list/ GET-request: {}
2022-02-05 13:16:10,379 DEBUG    kuznetsov run.py Starting the server on the port 8080...
2022-02-05 13:16:14,284 DEBUG    kuznetsov main.py /category-list/ GET-request: {}
2022-02-05 13:16:19,886 DEBUG    kuznetsov main.py /index/ GET-request: {}
2022-02-05 13:16:46,404 DEBUG    kuznetsov run.py Starting the server on the port 8080...
2022-02-05 13:16:50,619 DEBUG    kuznetsov main.py /index/ GET-request: {}
2022-02-05 13:20:12,092 DEBUG    kuznetsov main.py /index/ GET-request: {}
2022-02-05 13:25:51,445 DEBUG    kuznetsov run.py Starting the server on the port 8080...
2022-02-05 13:25:56,230 DEBUG    kuznetsov main.py /index/ GET-request: {}
2022-02-05 13:26:13,069 DEBUG    kuznetsov main.py /category-list/ GET-request: {}
2022-02-05 13:27:43,865 DEBUG    kuznetsov run.py Starting the server on the port 8080...
2022-02-05 13:27:51,115 DEBUG    kuznetsov main.py /category-list/ GET-request: {}
2022-02-05 13:28:02,064 DEBUG    kuznetsov main.py /category-list/ GET-request: {}
2022-02-05 13:41:51,807 DEBUG    kuznetsov run.py Starting the server on the port 8080...
2022-02-05 13:42:02,541 DEBUG    kuznetsov main.py /index/ GET-request: {}
2022-02-05 13:42:11,157 DEBUG    kuznetsov main.py /category-list/ GET-request: {}
2022-02-05 13:49:57,256 DEBUG    kuznetsov run.py Starting the server on the port 8080...
2022-02-05 13:50:13,222 DEBUG    kuznetsov main.py /index/ GET-request: {}
2022-02-05 13:50:18,488 DEBUG    kuznetsov main.py /about/ GET-request: {}
2022-02-05 13:50:25,071 DEBUG    kuznetsov main.py /category-list/ GET-request: {}
2022-02-05 13:53:27,286 DEBUG    kuznetsov run.py Starting the server on the port 8080...
2022-02-05 13:53:32,330 DEBUG    kuznetsov main.py /index/ GET-request: {}
2022-02-05 13:53:33,565 DEBUG    kuznetsov main.py /about/ GET-request: {}
2022-02-05 13:53:34,631 DEBUG    kuznetsov main.py /contact/ GET-request: {}
2022-02-05 13:53:36,465 DEBUG    kuznetsov main.py /category-list/ GET-request: {}
2022-02-05 13:53:40,164 DEBUG    kuznetsov main.py /student-list/ GET-request: {}
2022-02-05 13:53:41,766 DEBUG    kuznetsov main.py /category-list/ GET-request: {}
2022-02-05 13:54:02,643 DEBUG    kuznetsov run.py Starting the server on the port 8080...
2022-02-05 13:54:09,643 DEBUG    kuznetsov main.py /index/ GET-request: {}
2022-02-05 13:54:10,848 DEBUG    kuznetsov main.py /about/ GET-request: {}
2022-02-05 13:54:11,847 DEBUG    kuznetsov main.py /category-list/ GET-request: {}
2022-02-05 13:54:12,712 DEBUG    kuznetsov main.py /category-list/ GET-request: {}
2022-02-05 13:54:13,077 DEBUG    kuznetsov main.py /category-list/ GET-request: {}
2022-02-05 13:54:14,198 DEBUG    kuznetsov main.py /index/ GET-request: {}
2022-02-05 13:54:15,782 DEBUG    kuznetsov main.py /category-list/ GET-request: {}
2022-02-05 14:12:24,285 DEBUG    kuznetsov run.py Starting the server on the port 8080...
2022-02-05 14:12:39,687 DEBUG    kuznetsov main.py /category-list/ GET-request: {}
2022-02-05 14:12:47,254 DEBUG    kuznetsov main.py /about/ GET-request: {}
2022-02-05 14:13:19,219 DEBUG    kuznetsov run.py Starting the server on the port 8080...
2022-02-05 14:13:22,101 DEBUG    kuznetsov main.py /index/ GET-request: {}
2022-02-05 14:13:23,353 DEBUG    kuznetsov main.py /about/ GET-request: {}
2022-02-05 14:13:24,303 DEBUG    kuznetsov main.py /index/ GET-request: {}
2022-02-05 14:13:30,659 DEBUG    kuznetsov main.py / GET-request: {}
2022-02-05 14:13:35,328 DEBUG    kuznetsov main.py /about/ GET-request: {}
2022-02-05 14:13:36,321 DEBUG    kuznetsov main.py /contact/ GET-request: {}
2022-02-05 14:13:37,486 DEBUG    kuznetsov main.py /category-list/ GET-request: {}
2022-02-05 14:14:30,123 DEBUG    kuznetsov run.py Starting the server on the port 8080...
2022-02-05 14:14:34,051 DEBUG    kuznetsov main.py /index/ GET-request: {}
2022-02-05 14:14:35,387 DEBUG    kuznetsov main.py /about/ GET-request: {}
2022-02-05 14:14:36,369 DEBUG    kuznetsov main.py /contact/ GET-request: {}
2022-02-05 14:14:38,204 DEBUG    kuznetsov main.py /category-list/ GET-request: {}
2022-02-05 14:14:43,419 DEBUG    kuznetsov main.py /student-list/ GET-request: {}
2022-02-05 14:14:45,353 DEBUG    kuznetsov main.py /student-course-list/ GET-request: {'id': '1'}
2022-02-05 14:14:46,627 DEBUG    kuznetsov main.py /course-select/ GET-request: {'id': '1'}
2022-02-05 14:14:48,204 DEBUG    kuznetsov main.py /course-add-student/ GET-request: {'course_id': '1', 'student_id': '1'}
2022-02-05 14:14:51,704 DEBUG    kuznetsov main.py /student-list/ GET-request: {}
2022-02-05 14:14:53,369 DEBUG    kuznetsov main.py /student-course-list/ GET-request: {'id': '2'}
2022-02-05 14:14:54,819 DEBUG    kuznetsov main.py /course-select/ GET-request: {'id': '2'}
2022-02-05 14:14:56,990 DEBUG    kuznetsov main.py /course-add-student/ GET-request: {'course_id': '3', 'student_id': '2'}
2022-02-05 14:14:58,887 DEBUG    kuznetsov main.py /student-list/ GET-request: {}
2022-02-05 14:15:00,521 DEBUG    kuznetsov main.py /student-course-list/ GET-request: {'id': '2'}
2022-02-05 14:15:03,636 DEBUG    kuznetsov main.py /course-select/ GET-request: {'id': '2'}
2022-02-05 14:15:04,930 DEBUG    kuznetsov main.py /course-add-student/ GET-request: {'course_id': '4', 'student_id': '2'}
2022-02-05 14:15:06,487 DEBUG    kuznetsov main.py /student-list/ GET-request: {}
2022-02-05 14:15:08,618 DEBUG    kuznetsov main.py /student-course-list/ GET-request: {'id': '1'}
2022-02-05 14:15:29,377 DEBUG    kuznetsov run.py Starting the server on the port 8080...
2022-02-05 14:15:44,684 DEBUG    kuznetsov main.py /index/ GET-request: {}
2022-02-05 14:15:46,869 DEBUG    kuznetsov main.py /category-list/ GET-request: {}
2022-02-05 14:15:49,219 DEBUG    kuznetsov main.py /student-list/ GET-request: {}
2022-02-05 14:15:50,453 DEBUG    kuznetsov main.py /category-list/ GET-request: {}
2022-02-05 14:15:52,473 DEBUG    kuznetsov main.py /course-list/ GET-request: {'id': '2'}
2022-02-05 14:15:54,668 DEBUG    kuznetsov main.py /course-copy/ GET-request: {'id': '4'}
2022-02-05 14:15:59,002 DEBUG    kuznetsov main.py /student-list/ GET-request: {}
2022-02-05 14:16:02,202 DEBUG    kuznetsov main.py /student-course-list/ GET-request: {'id': '1'}
2022-02-05 14:16:05,001 DEBUG    kuznetsov main.py /course-select/ GET-request: {'id': '1'}
2022-02-05 14:16:06,312 DEBUG    kuznetsov main.py /course-add-student/ GET-request: {'course_id': '2', 'student_id': '1'}
2022-02-05 14:16:09,652 DEBUG    kuznetsov main.py /course-select/ GET-request: {'id': '1'}
2022-02-05 14:16:10,868 DEBUG    kuznetsov main.py /course-add-student/ GET-request: {'course_id': '4', 'student_id': '1'}
2022-02-05 14:16:12,668 DEBUG    kuznetsov main.py /student-list/ GET-request: {}
2022-02-05 14:17:06,589 DEBUG    kuznetsov run.py Starting the server on the port 8080...
2022-02-05 14:17:13,367 DEBUG    kuznetsov main.py /index/ GET-request: {}
2022-02-05 14:17:13,970 DEBUG    kuznetsov main.py /about/ GET-request: {}
2022-02-05 14:17:15,053 DEBUG    kuznetsov main.py /category-list/ GET-request: {}
2022-02-05 14:17:17,168 DEBUG    kuznetsov main.py /course-list/ GET-request: {'id': '2'}
2022-02-05 14:17:19,672 DEBUG    kuznetsov main.py /course-list/ GET-request: {'id': '2'}
2022-02-05 14:17:22,202 DEBUG    kuznetsov main.py /category-list/ GET-request: {}
2022-02-05 14:17:27,817 DEBUG    kuznetsov main.py /category-list/ GET-request: {}
2022-02-05 14:17:28,932 DEBUG    kuznetsov main.py /category-list/ GET-request: {}
2022-02-05 14:17:29,899 DEBUG    kuznetsov main.py /category-list/ GET-request: {}
2022-02-05 14:17:31,016 DEBUG    kuznetsov main.py /category-list/ GET-request: {}
2022-02-05 14:17:33,367 DEBUG    kuznetsov main.py /course-list/ GET-request: {'id': '1'}
2022-02-05 14:17:35,082 DEBUG    kuznetsov main.py /course-copy/ GET-request: {'id': '2'}
2022-02-05 14:17:36,182 DEBUG    kuznetsov main.py /course-copy/ GET-request: {'id': '2'}
2022-02-05 14:17:38,117 DEBUG    kuznetsov main.py /course-copy/ GET-request: {'id': '6'}
2022-02-05 14:17:45,852 DEBUG    kuznetsov main.py /student-list/ GET-request: {}
2022-02-05 14:17:47,224 DEBUG    kuznetsov main.py /student-course-list/ GET-request: {'id': '2'}
2022-02-05 14:17:48,573 DEBUG    kuznetsov main.py /course-select/ GET-request: {'id': '2'}
2022-02-05 14:17:49,853 DEBUG    kuznetsov main.py /course-add-student/ GET-request: {'course_id': '5', 'student_id': '2'}
2022-02-05 14:17:52,168 DEBUG    kuznetsov main.py /course-select/ GET-request: {'id': '2'}
2022-02-05 14:17:53,509 DEBUG    kuznetsov main.py /course-add-student/ GET-request: {'course_id': '2', 'student_id': '2'}
2022-02-05 14:17:55,285 DEBUG    kuznetsov main.py /student-list/ GET-request: {}
2022-02-05 14:24:10,393 DEBUG    kuznetsov run.py Starting the server on the port 8080...
2022-02-05 14:24:12,684 DEBUG    kuznetsov main.py /student-list/ GET-request: {}
2022-02-05 14:24:14,377 DEBUG    kuznetsov main.py /index/ GET-request: {}
2022-02-05 14:24:15,926 DEBUG    kuznetsov main.py /about/ GET-request: {}
2022-02-05 14:24:16,793 DEBUG    kuznetsov main.py /contact/ GET-request: {}
2022-02-05 14:24:19,343 DEBUG    kuznetsov main.py /category-list/ GET-request: {}
2022-02-05 14:24:21,910 DEBUG    kuznetsov main.py /category-list/ GET-request: {}
2022-02-05 14:24:23,362 DEBUG    kuznetsov main.py /course-list/ GET-request: {'id': '1'}
2022-02-05 14:24:25,483 DEBUG    kuznetsov main.py /course-copy/ GET-request: {'id': '2'}
2022-02-05 14:24:27,812 DEBUG    kuznetsov main.py /course-create/ GET-request: {'id': '1'}
2022-02-05 14:24:33,169 DEBUG    kuznetsov main.py /course-create/ POST-request: {'name': ' mvdf mvdf v'}
2022-02-05 14:24:35,827 DEBUG    kuznetsov main.py /student-list/ GET-request: {}
2022-02-05 14:24:37,062 DEBUG    kuznetsov main.py /student-course-list/ GET-request: {'id': '1'}
2022-02-05 14:24:38,177 DEBUG    kuznetsov main.py /course-select/ GET-request: {'id': '1'}
2022-02-05 14:24:40,211 DEBUG    kuznetsov main.py /course-add-student/ GET-request: {'course_id': '2', 'student_id': '1'}
2022-02-05 14:24:41,163 DEBUG    kuznetsov main.py /course-select/ GET-request: {'id': '1'}
2022-02-05 14:24:42,327 DEBUG    kuznetsov main.py /course-add-student/ GET-request: {'course_id': '6', 'student_id': '1'}
2022-02-05 14:24:44,128 DEBUG    kuznetsov main.py /student-list/ GET-request: {}
2022-02-05 14:24:45,544 DEBUG    kuznetsov main.py /student-create/ GET-request: {}
2022-02-05 14:24:49,196 DEBUG    kuznetsov main.py /student-create/ GET-request: {}
2022-02-05 14:24:51,444 DEBUG    kuznetsov main.py /student-create/ POST-request: {'name': ''}
2022-02-05 14:25:00,742 DEBUG    kuznetsov main.py /student-create/ GET-request: {}
2022-02-05 14:25:05,876 DEBUG    kuznetsov main.py /student-create/ POST-request: {'name': 'Кузнецов Сергей'}
2022-02-05 14:25:08,491 DEBUG    kuznetsov main.py /student-course-list/ GET-request: {'id': '4'}
2022-02-05 14:25:09,803 DEBUG    kuznetsov main.py /course-select/ GET-request: {'id': '4'}
2022-02-05 14:25:11,776 DEBUG    kuznetsov main.py /course-add-student/ GET-request: {'course_id': '3', 'student_id': '4'}
2022-02-05 14:25:12,843 DEBUG    kuznetsov main.py /course-select/ GET-request: {'id': '4'}
2022-02-05 14:25:14,492 DEBUG    kuznetsov main.py /course-add-student/ GET-request: {'course_id': '6', 'student_id': '4'}
2022-02-05 14:25:16,029 DEBUG    kuznetsov main.py /course-select/ GET-request: {'id': '4'}
2022-02-05 14:25:17,261 DEBUG    kuznetsov main.py /course-add-student/ GET-request: {'course_id': '4', 'student_id': '4'}
2022-02-05 14:25:19,593 DEBUG    kuznetsov main.py /student-list/ GET-request: {}
2022-02-05 14:25:22,041 DEBUG    kuznetsov main.py /student-course-list/ GET-request: {'id': '4'}
2022-02-05 14:25:27,958 DEBUG    kuznetsov main.py /about/ GET-request: {}
2022-02-05 14:25:28,810 DEBUG    kuznetsov main.py /contact/ GET-request: {}
2022-02-05 14:25:39,310 DEBUG    kuznetsov main.py /contact/ POST-request: {'your_name': 'Кузнецов Сергей', 'your_email': 'ksn1974@mail.ru', 'your_enquiry': 'Привет!!!', 'contact_submitted': 'submit'}
2022-02-05 14:54:37,414 DEBUG    kuznetsov run.py Starting the server on the port 8080...
2022-02-05 14:54:53,914 DEBUG    kuznetsov main.py /index/ GET-request: {}
2022-02-05 15:29:38,660 DEBUG    kuznetsov main.py /about/ GET-request: {}
2022-02-05 15:31:40,361 DEBUG    kuznetsov run.py Starting the server on the port 8080...
2022-02-05 15:31:46,574 DEBUG    kuznetsov main.py /index/ GET-request: {}
2022-02-05 15:31:51,959 DEBUG    kuznetsov main.py /about/ GET-request: {}
2022-02-05 15:31:58,077 DEBUG    kuznetsov main.py /contact/ GET-request: {}
2022-02-05 15:34:55,145 DEBUG    kuznetsov run.py Starting the server on the port 8080...
2022-02-05 15:35:25,837 DEBUG    kuznetsov main.py /category-list/ GET-request: {}
2022-02-05 15:35:31,990 DEBUG    kuznetsov main.py /course-list/ GET-request: {'id': '1'}
2022-02-05 15:35:54,774 DEBUG    kuznetsov main.py /student-list/ GET-request: {}
2022-02-05 15:35:56,640 DEBUG    kuznetsov main.py /student-course-list/ GET-request: {'id': '2'}
2022-02-05 15:35:58,014 DEBUG    kuznetsov main.py /course-select/ GET-request: {'id': '2'}
2022-02-05 15:35:59,474 DEBUG    kuznetsov main.py /course-add-student/ GET-request: {'course_id': '3', 'student_id': '2'}
2022-02-05 15:45:21,869 DEBUG    kuznetsov run.py Starting the server on the port 8080...
2022-02-05 15:48:08,858 DEBUG    kuznetsov run.py Starting the server on the port 8080...
2022-02-05 15:48:12,922 DEBUG    kuznetsov main.py /index/ GET-request: {}
2022-02-05 15:48:17,442 DEBUG    kuznetsov main.py /about/ GET-request: {}
2022-02-05 15:48:21,057 DEBUG    kuznetsov main.py /contact/ GET-request: {}
2022-02-05 15:48:23,542 DEBUG    kuznetsov main.py /index/ GET-request: {}
2022-02-05 15:48:28,739 DEBUG    kuznetsov main.py /about/ GET-request: {}
2022-02-05 15:48:32,143 DEBUG    kuznetsov main.py /category-list/ GET-request: {}
2022-02-05 15:49:40,832 DEBUG    kuznetsov run.py Starting the server on the port 8080...
2022-02-05 15:51:15,656 DEBUG    kuznetsov run.py Starting the server on the port 8080...
2022-02-05 16:11:47,660 DEBUG    kuznetsov run.py Starting the server on the port 8080...
2022-02-05 16:11:56,833 DEBUG    kuznetsov main.py / GET-request: {}
2022-02-05 16:12:04,229 DEBUG    kuznetsov main.py /category-list/ GET-request: {}
2022-02-05 16:12:08,074 DEBUG    kuznetsov main.py /category-create/ GET-request: {}
2022-02-05 16:12:15,109 DEBUG    kuznetsov main.py /category-create/ POST-request: {'name': 'Мой первый проект!!!'}
2022-02-05 16:12:18,790 DEBUG    kuznetsov main.py /course-list/ GET-request: {'id': '3'}
2022-02-05 16:12:20,310 DEBUG    kuznetsov main.py /course-create/ GET-request: {'id': '3'}
2022-02-05 16:12:23,476 DEBUG    kuznetsov main.py /course-create/ POST-request: {'name': 'Мой первый проект'}
2022-02-05 16:12:26,884 DEBUG    kuznetsov main.py /category-list/ GET-request: {}
2022-02-05 16:32:04,493 DEBUG    kuznetsov run.py Starting the server on the port 8080...
2022-02-05 16:32:10,820 DEBUG    kuznetsov main.py /category-list/ GET-request: {}
2022-02-05 16:33:11,998 DEBUG    kuznetsov main.py /course-list/ GET-request: {'id': '1'}
2022-02-05 16:33:23,600 DEBUG    kuznetsov main.py /course-create/ GET-request: {'id': '1'}
2022-02-05 16:33:34,698 DEBUG    kuznetsov main.py /course-create/ POST-request: {'name': 'новый товар!!!'}
2022-02-05 16:33:38,512 DEBUG    kuznetsov main.py /category-list/ GET-request: {}
2022-02-05 16:33:41,798 DEBUG    kuznetsov main.py /course-list/ GET-request: {'id': '1'}
2022-02-05 16:33:44,598 DEBUG    kuznetsov main.py /category-list/ GET-request: {}
2022-02-05 16:33:46,765 DEBUG    kuznetsov main.py /course-list/ GET-request: {'id': '1'}
2022-02-05 16:35:23,592 DEBUG    kuznetsov main.py /category-list/ GET-request: {}
2022-02-05 16:35:32,184 DEBUG    kuznetsov main.py /category-list/ GET-request: {}
2022-02-05 16:35:36,762 DEBUG    kuznetsov main.py /category-list/ GET-request: {'category_id': '2'}
2022-02-05 16:35:39,144 DEBUG    kuznetsov main.py /category-list/ GET-request: {'category_id': '2'}
2022-02-05 16:35:40,975 DEBUG    kuznetsov main.py /category-list/ GET-request: {'category_id': '2'}
2022-02-05 16:35:42,409 DEBUG    kuznetsov main.py /category-list/ GET-request: {'category_id': '2'}
2022-02-05 16:35:43,777 DEBUG    kuznetsov main.py /category-list/ GET-request: {'category_id': '2'}
2022-02-05 16:35:45,426 DEBUG    kuznetsov main.py /category-list/ GET-request: {'category_id': '2'}
2022-02-05 16:49:12,583 DEBUG    kuznetsov run.py Starting the server on the port 8080...
2022-02-05 16:49:17,704 DEBUG    kuznetsov main.py /category-list/ GET-request: {}
2022-02-05 16:49:18,919 DEBUG    kuznetsov main.py /category-list/ GET-request: {}
2022-02-05 16:49:21,788 DEBUG    kuznetsov main.py /category-list/ GET-request: {'category_id': '1'}
2022-02-05 16:49:34,906 DEBUG    kuznetsov main.py /category-list/ GET-request: {}
2022-02-05 16:49:39,420 DEBUG    kuznetsov main.py /category-list/ GET-request: {'category_id': '2'}
2022-02-05 16:49:43,477 DEBUG    kuznetsov main.py /category-list/ GET-request: {}
2022-02-05 16:49:46,133 DEBUG    kuznetsov main.py /course-list/ GET-request: {'id': '1'}
2022-02-05 16:50:08,069 DEBUG    kuznetsov main.py /category-list/ GET-request: {}
2022-02-05 16:50:23,973 DEBUG    kuznetsov main.py /category-list/ GET-request: {'category_id': '1'}
2022-02-05 16:50:52,439 DEBUG    kuznetsov run.py Starting the server on the port 8080...
2022-02-05 16:50:57,740 DEBUG    kuznetsov main.py /category-list/ GET-request: {}
2022-02-05 16:51:00,274 DEBUG    kuznetsov main.py /category-list/ GET-request: {'category_id': '1'}
2022-02-05 16:51:06,492 DEBUG    kuznetsov main.py /category-create/ GET-request: {}
2022-02-05 16:51:12,958 DEBUG    kuznetsov main.py /category-create/ POST-request: {'name': 'Мой первый проект!!!'}
2022-02-05 16:52:35,052 DEBUG    kuznetsov run.py Starting the server on the port 8080...
2022-02-05 16:52:39,435 DEBUG    kuznetsov main.py /category-list/ GET-request: {}
2022-02-05 16:52:49,471 DEBUG    kuznetsov main.py /category-list/ GET-request: {}
2022-02-05 16:52:51,538 DEBUG    kuznetsov main.py /category-list/ GET-request: {}
2022-02-05 16:52:55,875 DEBUG    kuznetsov main.py /category-list/ GET-request: {'category_id': '2'}
2022-02-05 16:52:57,940 DEBUG    kuznetsov main.py /category-create/ GET-request: {}
2022-02-05 16:53:02,239 DEBUG    kuznetsov main.py /category-create/ POST-request: {'name': 'Мой первый проект'}
2022-02-05 16:54:12,836 DEBUG    kuznetsov main.py /category-list/ GET-request: {'category_id': '2'}
2022-02-05 16:54:14,522 DEBUG    kuznetsov main.py /category-create/ GET-request: {}
2022-02-05 16:55:16,504 DEBUG    kuznetsov main.py /category-list/ GET-request: {}
2022-02-05 16:55:30,037 DEBUG    kuznetsov main.py /category-list/ GET-request: {}
2022-02-05 16:55:32,808 DEBUG    kuznetsov main.py /category-list/ GET-request: {}
2022-02-05 16:56:08,692 DEBUG    kuznetsov main.py /category-list/ GET-request: {}
2022-02-05 16:56:10,636 DEBUG    kuznetsov main.py /category-list/ GET-request: {}
2022-02-05 16:56:11,836 DEBUG    kuznetsov main.py /category-list/ GET-request: {}
2022-02-05 16:56:15,820 DEBUG    kuznetsov main.py /category-list/ GET-request: {'category_id': '3'}
2022-02-05 16:56:18,702 DEBUG    kuznetsov main.py /category-create/ GET-request: {'category_id': '3'}
2022-02-05 16:57:06,689 DEBUG    kuznetsov main.py /category-create/ POST-request: {'name': 'Мой первый проект'}
2022-02-05 16:57:39,349 DEBUG    kuznetsov main.py /category-list/ GET-request: {'category_id': '4'}
2022-02-05 16:57:40,605 DEBUG    kuznetsov main.py /category-create/ GET-request: {'category_id': '4'}
2022-02-05 17:00:15,815 DEBUG    kuznetsov run.py Starting the server on the port 8080...
2022-02-05 17:00:21,102 DEBUG    kuznetsov run.py Starting the server on the port 8080...
2022-02-05 17:00:29,602 DEBUG    kuznetsov main.py /category-create/ GET-request: {'category_id': '4'}
2022-02-05 17:00:49,664 DEBUG    kuznetsov main.py /category-create/ POST-request: {'name': 'Мой первый проект333'}
2022-02-05 17:05:58,110 DEBUG    kuznetsov main.py /category-list/ GET-request: {}
2022-02-05 17:05:58,150 DEBUG    kuznetsov main.py /category-list/ GET-request: {}
2022-02-05 17:06:03,707 DEBUG    kuznetsov main.py /category-list/ GET-request: {}
2022-02-05 17:06:05,993 DEBUG    kuznetsov main.py /category-list/ GET-request: {}
2022-02-05 17:06:08,709 DEBUG    kuznetsov main.py /category-list/ GET-request: {'category_id': '3'}
2022-02-05 17:06:11,013 DEBUG    kuznetsov main.py /category-create/ GET-request: {'category_id': '3'}
2022-02-05 17:08:09,187 DEBUG    kuznetsov run.py Starting the server on the port 8080...
2022-02-05 17:08:15,910 DEBUG    kuznetsov main.py /category-list/ GET-request: {}
2022-02-05 17:08:17,743 DEBUG    kuznetsov main.py /category-list/ GET-request: {'category_id': '2'}
2022-02-05 17:08:19,528 DEBUG    kuznetsov main.py /category-create/ GET-request: {'category_id': '2'}
2022-02-05 17:08:35,574 DEBUG    kuznetsov main.py /category-create/ POST-request: {'name': 'Мой первый проект!!!'}
2022-02-05 17:17:00,589 DEBUG    kuznetsov run.py Starting the server on the port 8080...
2022-02-05 17:17:10,969 DEBUG    kuznetsov main.py /category-create/ GET-request: {'category_id': '2'}
2022-02-05 17:17:18,286 DEBUG    kuznetsov main.py /category-list/ GET-request: {}
2022-02-05 17:17:21,086 DEBUG    kuznetsov main.py /category-list/ GET-request: {'category_id': '2'}
2022-02-05 17:17:23,036 DEBUG    kuznetsov main.py /category-create/ GET-request: {'category_id': '2'}
2022-02-05 17:17:39,668 DEBUG    kuznetsov main.py /category-create/ POST-request: {'name': 'Мой первый проект'}
2022-02-05 17:17:54,380 DEBUG    kuznetsov main.py /category-list/ GET-request: {'category_id': '2'}
2022-02-05 17:18:05,235 DEBUG    kuznetsov main.py /category-create/ GET-request: {'category_id': '2'}
2022-02-05 17:18:23,868 DEBUG    kuznetsov main.py /category-create/ POST-request: {'name': '666'}
2022-02-05 17:18:45,578 DEBUG    kuznetsov main.py /category-list/ GET-request: {'category_id': '2'}
2022-02-05 17:18:49,867 DEBUG    kuznetsov main.py /category-list/ GET-request: {}
2022-02-05 17:19:13,684 DEBUG    kuznetsov main.py /category-list/ GET-request: {'category_id': '2'}
2022-02-05 17:19:18,149 DEBUG    kuznetsov main.py /category-list/ GET-request: {}
2022-02-05 17:21:38,672 DEBUG    kuznetsov run.py Starting the server on the port 8080...
2022-02-05 17:21:45,378 DEBUG    kuznetsov main.py /category-list/ GET-request: {}
2022-02-05 17:21:51,749 DEBUG    kuznetsov main.py /category-list/ GET-request: {'category_id': '1'}
2022-02-05 17:21:55,797 DEBUG    kuznetsov main.py /category-create/ GET-request: {'category_id': '1'}
2022-02-05 17:22:04,346 DEBUG    kuznetsov main.py /category-create/ POST-request: {'name': 'Мой первый проект'}
2022-02-05 17:22:27,411 DEBUG    kuznetsov main.py /category-list/ GET-request: {'category_id': '1'}
2022-02-05 17:22:46,298 DEBUG    kuznetsov main.py /category-create/ GET-request: {'category_id': '1'}
2022-02-05 17:26:02,065 DEBUG    kuznetsov run.py Starting the server on the port 8080...
2022-02-05 17:26:08,779 DEBUG    kuznetsov main.py /category-list/ GET-request: {}
2022-02-05 17:26:10,243 DEBUG    kuznetsov main.py /category-list/ GET-request: {}
2022-02-05 17:26:13,080 DEBUG    kuznetsov main.py /category-list/ GET-request: {'category_id': '2'}
2022-02-05 17:26:15,928 DEBUG    kuznetsov main.py /category-create/ GET-request: {'category_id': '2'}
2022-02-05 17:26:31,261 DEBUG    kuznetsov main.py /category-create/ POST-request: {'name': 'Мой первый проект!!!'}
2022-02-05 17:27:41,226 DEBUG    kuznetsov main.py /category-list/ GET-request: {}
2022-02-05 17:29:09,411 DEBUG    kuznetsov main.py /category-list/ GET-request: {'category_id': '2'}
2022-02-05 17:29:11,929 DEBUG    kuznetsov main.py /category-list/ GET-request: {}
2022-02-05 17:29:13,977 DEBUG    kuznetsov main.py /category-list/ GET-request: {'category_id': '2'}
2022-02-05 17:29:15,992 DEBUG    kuznetsov main.py /category-list/ GET-request: {}
2022-02-05 17:29:17,159 DEBUG    kuznetsov main.py /category-list/ GET-request: {}
2022-02-05 17:29:18,877 DEBUG    kuznetsov main.py /category-list/ GET-request: {'category_id': '1'}
2022-02-05 17:29:21,343 DEBUG    kuznetsov main.py /category-list/ GET-request: {}
2022-02-05 17:29:23,377 DEBUG    kuznetsov main.py /category-list/ GET-request: {'category_id': '2'}
2022-02-05 17:29:26,578 DEBUG    kuznetsov main.py /category-list/ GET-request: {}
2022-02-05 17:43:05,856 DEBUG    kuznetsov main.py /category-list/ GET-request: {}
2022-02-05 17:43:08,857 DEBUG    kuznetsov main.py /category-list/ GET-request: {}
2022-02-05 17:43:11,212 DEBUG    kuznetsov main.py /student-list/ GET-request: {}
2022-02-05 17:43:13,493 DEBUG    kuznetsov main.py /student-course-list/ GET-request: {'id': '2'}
2022-02-05 17:43:16,192 DEBUG    kuznetsov main.py /course-select/ GET-request: {'id': '2'}
2022-02-05 17:43:18,994 DEBUG    kuznetsov main.py /course-add-student/ GET-request: {'course_id': '3', 'student_id': '2'}
2022-02-05 17:43:21,161 DEBUG    kuznetsov main.py /course-select/ GET-request: {'id': '2'}
2022-02-05 17:43:22,526 DEBUG    kuznetsov main.py /course-add-student/ GET-request: {'course_id': '1', 'student_id': '2'}
2022-02-05 17:43:24,812 DEBUG    kuznetsov main.py /category-list/ GET-request: {}
2022-02-05 17:43:27,812 DEBUG    kuznetsov main.py /category-list/ GET-request: {'category_id': '2'}
2022-02-05 17:43:31,760 DEBUG    kuznetsov main.py /course-create/ GET-request: {'id': '3'}
2022-02-05 17:43:35,328 DEBUG    kuznetsov main.py /course-create/ POST-request: {'name': '666'}
2022-02-05 17:43:37,739 DEBUG    kuznetsov main.py /course-create/ GET-request: {'id': '3'}
2022-02-05 17:43:44,227 DEBUG    kuznetsov main.py /course-create/ POST-request: {'name': '777'}
2022-02-05 17:43:46,726 DEBUG    kuznetsov main.py /category-list/ GET-request: {}
2022-02-05 17:44:05,111 DEBUG    kuznetsov main.py /category-list/ GET-request: {'category_id': '2'}
2022-02-05 17:44:11,392 DEBUG    kuznetsov main.py /category-list/ GET-request: {'category_id': '3'}
2022-02-05 17:44:12,861 DEBUG    kuznetsov main.py /category-create/ GET-request: {'category_id': '3'}
2022-02-05 17:44:23,944 DEBUG    kuznetsov main.py /category-create/ POST-request: {'name': 'Мой первый проект!!!2'}
2022-02-05 17:44:38,309 DEBUG    kuznetsov main.py /category-list/ GET-request: {}
2022-02-05 17:44:43,992 DEBUG    kuznetsov main.py /category-list/ GET-request: {'category_id': '2'}
2022-02-05 17:44:51,462 DEBUG    kuznetsov main.py /category-list/ GET-request: {}
2022-02-05 17:44:56,378 DEBUG    kuznetsov main.py /category-list/ GET-request: {'category_id': '2'}
2022-02-05 17:44:59,010 DEBUG    kuznetsov main.py /category-create/ GET-request: {'category_id': '2'}
2022-02-05 17:45:04,462 DEBUG    kuznetsov main.py /category-create/ POST-request: {'name': 'Мой первый проект!!!3'}
2022-02-05 17:45:10,625 DEBUG    kuznetsov main.py /category-list/ GET-request: {}
2022-02-05 17:45:23,176 DEBUG    kuznetsov main.py /category-list/ GET-request: {'category_id': '2'}
2022-02-05 17:45:26,527 DEBUG    kuznetsov main.py /category-list/ GET-request: {'category_id': '5'}
2022-02-05 17:45:31,593 DEBUG    kuznetsov main.py /category-list/ GET-request: {}
2022-02-05 17:45:34,661 DEBUG    kuznetsov main.py /category-list/ GET-request: {'category_id': '2'}
2022-02-05 17:45:38,127 DEBUG    kuznetsov main.py /category-list/ GET-request: {'category_id': '3'}
2022-02-05 17:45:40,329 DEBUG    kuznetsov main.py /category-list/ GET-request: {}
2022-02-05 17:45:49,511 DEBUG    kuznetsov main.py /category-list/ GET-request: {'category_id': '2'}
2022-02-05 17:45:53,894 DEBUG    kuznetsov main.py /course-list/ GET-request: {'id': '5'}
2022-02-05 17:45:55,993 DEBUG    kuznetsov main.py /category-list/ GET-request: {}
2022-02-05 17:50:30,062 DEBUG    kuznetsov run.py Starting the server on the port 8080...
2022-02-05 17:50:33,887 DEBUG    kuznetsov main.py /category-list/ GET-request: {}
2022-02-05 17:50:34,873 DEBUG    kuznetsov main.py /category-list/ GET-request: {}
2022-02-05 17:50:36,539 DEBUG    kuznetsov main.py /category-list/ GET-request: {}
2022-02-05 17:50:44,773 DEBUG    kuznetsov main.py /course-list/ GET-request: {'id': '1'}
2022-02-05 17:50:47,076 DEBUG    kuznetsov main.py /category-list/ GET-request: {}
2022-02-05 17:50:49,175 DEBUG    kuznetsov main.py /category-list/ GET-request: {'category_id': '2'}
2022-02-05 17:50:50,503 DEBUG    kuznetsov main.py /category-create/ GET-request: {'category_id': '2'}
2022-02-05 17:50:54,406 DEBUG    kuznetsov main.py /category-create/ POST-request: {'name': 'Мой первый проект!!!'}
2022-02-05 18:01:02,683 DEBUG    kuznetsov run.py Starting the server on the port 8080...
2022-02-05 18:01:07,570 DEBUG    kuznetsov main.py /category-list/ GET-request: {}
2022-02-05 18:01:13,474 DEBUG    kuznetsov main.py /category-create/ GET-request: {'category_id': 'None'}
2022-02-05 18:02:36,394 DEBUG    kuznetsov main.py /category-list/ GET-request: {}
2022-02-05 18:02:38,223 DEBUG    kuznetsov main.py /category-create/ GET-request: {'category_id': 'None'}
2022-02-05 18:03:29,571 DEBUG    kuznetsov run.py Starting the server on the port 8080...
2022-02-05 18:03:32,384 DEBUG    kuznetsov run.py Starting the server on the port 8080...
2022-02-05 18:03:38,930 DEBUG    kuznetsov main.py /category-list/ GET-request: {}
2022-02-05 18:03:40,872 DEBUG    kuznetsov main.py /category-create/ GET-request: {'category_id': 'None'}
2022-02-05 18:04:05,345 DEBUG    kuznetsov main.py /category-list/ GET-request: {}
2022-02-05 18:04:07,053 DEBUG    kuznetsov main.py /category-list/ GET-request: {}
2022-02-05 18:04:08,124 DEBUG    kuznetsov main.py /category-create/ GET-request: {'category_id': 'None'}
2022-02-05 18:16:44,813 DEBUG    kuznetsov run.py Starting the server on the port 8080...
2022-02-05 18:16:55,019 DEBUG    kuznetsov main.py / GET-request: {}
2022-02-05 18:16:57,192 DEBUG    kuznetsov main.py /category-list/ GET-request: {}
2022-02-05 18:16:59,906 DEBUG    kuznetsov main.py /category-list/ GET-request: {}
2022-02-05 18:17:04,294 DEBUG    kuznetsov main.py /category-list/ GET-request: {'category_id': '2'}
2022-02-05 18:17:07,225 DEBUG    kuznetsov main.py /category-create/ GET-request: {'category_id': '2'}
2022-02-05 18:17:21,924 DEBUG    kuznetsov main.py /category-create/ POST-request: {'name': 'Мой первый проект'}
2022-02-05 18:18:05,732 DEBUG    kuznetsov run.py Starting the server on the port 8080...
2022-02-05 18:18:15,182 DEBUG    kuznetsov main.py /category-list/ GET-request: {}
2022-02-05 18:18:18,692 DEBUG    kuznetsov main.py /category-create/ GET-request: {'category_id': ''}
2022-02-05 18:19:23,099 DEBUG    kuznetsov run.py Starting the server on the port 8080...
2022-02-05 18:20:14,877 DEBUG    kuznetsov run.py Starting the server on the port 8080...
2022-02-05 18:20:24,621 DEBUG    kuznetsov main.py / GET-request: {}
2022-02-05 18:20:26,945 DEBUG    kuznetsov main.py /category-list/ GET-request: {}
2022-02-05 18:20:30,125 DEBUG    kuznetsov main.py /category-create/ GET-request: {'category_id': ''}
2022-02-05 18:20:33,523 DEBUG    kuznetsov main.py /category-create/ POST-request: {'name': 'Мой первый проект'}
2022-02-05 18:21:00,852 DEBUG    kuznetsov run.py Starting the server on the port 8080...
2022-02-05 18:21:08,630 DEBUG    kuznetsov main.py /category-list/ GET-request: {}
2022-02-05 18:21:09,004 DEBUG    kuznetsov main.py /category-list/ GET-request: {}
2022-02-05 18:21:09,242 DEBUG    kuznetsov main.py /category-list/ GET-request: {}
2022-02-05 18:21:10,259 DEBUG    kuznetsov main.py /category-create/ GET-request: {'category_id': ''}
2022-02-05 18:21:13,058 DEBUG    kuznetsov main.py /category-create/ POST-request: {'name': 'Мой первый проект'}
2022-02-05 18:21:21,972 DEBUG    kuznetsov main.py /category-list/ GET-request: {'category_id': '3'}
2022-02-05 18:21:24,541 DEBUG    kuznetsov main.py /category-create/ GET-request: {'category_id': '3'}
2022-02-05 18:21:40,789 DEBUG    kuznetsov main.py /category-create/ POST-request: {'name': 'Мой первый проект!!!2'}
2022-02-05 18:21:53,187 DEBUG    kuznetsov main.py /category-create/ GET-request: {'category_id': '3'}
2022-02-05 18:22:05,283 DEBUG    kuznetsov main.py /category-create/ POST-request: {'name': 'Мой первый проект 333'}
2022-02-05 18:22:12,455 DEBUG    kuznetsov main.py /category-list/ GET-request: {}
2022-02-05 18:22:17,755 DEBUG    kuznetsov main.py /category-list/ GET-request: {'category_id': '3'}
2022-02-05 18:22:19,340 DEBUG    kuznetsov main.py /category-list/ GET-request: {}
2022-02-05 18:22:20,773 DEBUG    kuznetsov main.py /category-list/ GET-request: {'category_id': '2'}
2022-02-05 18:22:22,159 DEBUG    kuznetsov main.py /category-list/ GET-request: {}
2022-02-05 18:22:24,407 DEBUG    kuznetsov main.py /course-create/ GET-request: {'id': '3'}
2022-02-05 18:22:38,289 DEBUG    kuznetsov main.py /course-create/ POST-request: {'name': 'Курс 1_1'}
2022-02-05 18:22:41,237 DEBUG    kuznetsov main.py /course-create/ GET-request: {'id': '3'}
2022-02-05 18:22:48,699 DEBUG    kuznetsov main.py /course-create/ POST-request: {'name': 'Курс 2_1'}
2022-02-05 18:22:53,554 DEBUG    kuznetsov main.py /course-copy/ GET-request: {'id': '6'}
2022-02-05 18:22:55,773 DEBUG    kuznetsov main.py /category-list/ GET-request: {}
2022-02-05 18:23:00,490 DEBUG    kuznetsov main.py /course-list/ GET-request: {'id': '3'}
2022-02-05 18:23:03,358 DEBUG    kuznetsov main.py /category-list/ GET-request: {}
2022-02-05 18:23:04,840 DEBUG    kuznetsov main.py /category-list/ GET-request: {'category_id': '2'}
2022-02-05 18:23:07,139 DEBUG    kuznetsov main.py /category-list/ GET-request: {}
2022-02-05 18:23:08,940 DEBUG    kuznetsov main.py /category-list/ GET-request: {'category_id': '3'}
2022-02-05 18:23:14,122 DEBUG    kuznetsov main.py /category-list/ GET-request: {'category_id': '5'}
2022-02-05 18:23:15,605 DEBUG    kuznetsov main.py /category-create/ GET-request: {'category_id': '5'}
2022-02-05 18:23:35,404 DEBUG    kuznetsov main.py /category-create/ POST-request: {'name': 'Мой первый проект 333_333'}
2022-02-05 18:23:43,621 DEBUG    kuznetsov main.py /category-list/ GET-request: {}
2022-02-05 18:23:50,822 DEBUG    kuznetsov main.py /category-list/ GET-request: {'category_id': '3'}
2022-02-05 18:23:53,272 DEBUG    kuznetsov main.py /category-list/ GET-request: {'category_id': '5'}
2022-02-05 18:23:55,687 DEBUG    kuznetsov main.py /course-list/ GET-request: {'id': '6'}
2022-02-05 18:23:58,354 DEBUG    kuznetsov main.py /course-create/ GET-request: {'id': '6'}
2022-02-05 18:24:03,829 DEBUG    kuznetsov main.py /course-create/ POST-request: {'name': 'Курс 333333'}
2022-02-05 18:24:07,455 DEBUG    kuznetsov main.py /category-list/ GET-request: {}
2022-02-05 18:24:12,271 DEBUG    kuznetsov main.py /category-list/ GET-request: {'category_id': '3'}
2022-02-05 18:24:16,921 DEBUG    kuznetsov main.py /course-list/ GET-request: {'id': '5'}
2022-02-05 18:24:22,638 DEBUG    kuznetsov main.py /category-list/ GET-request: {}
2022-02-05 18:24:24,786 DEBUG    kuznetsov main.py /category-list/ GET-request: {'category_id': '3'}
2022-02-05 18:24:30,054 DEBUG    kuznetsov main.py /category-list/ GET-request: {'category_id': '5'}
2022-02-05 18:24:32,889 DEBUG    kuznetsov main.py /course-list/ GET-request: {'id': '6'}
2022-02-05 18:24:35,190 DEBUG    kuznetsov main.py /course-copy/ GET-request: {'id': '8'}
2022-02-05 18:24:37,437 DEBUG    kuznetsov main.py /category-list/ GET-request: {}
2022-02-05 18:24:39,654 DEBUG    kuznetsov main.py /category-list/ GET-request: {'category_id': '3'}
2022-02-05 18:24:46,438 DEBUG    kuznetsov main.py /course-list/ GET-request: {'id': '5'}
2022-02-05 18:24:49,173 DEBUG    kuznetsov main.py /course-create/ GET-request: {'id': '5'}
2022-02-05 18:24:55,620 DEBUG    kuznetsov main.py /course-create/ POST-request: {'name': '666'}
2022-02-05 18:24:58,453 DEBUG    kuznetsov main.py /category-list/ GET-request: {}
2022-02-05 18:25:00,738 DEBUG    kuznetsov main.py /category-list/ GET-request: {'category_id': '3'}
2022-02-05 18:25:04,522 DEBUG    kuznetsov main.py /course-create/ GET-request: {'id': '5'}
2022-02-05 18:25:09,287 DEBUG    kuznetsov main.py /course-create/ POST-request: {'name': '77'}
2022-02-05 18:25:12,618 DEBUG    kuznetsov main.py /category-list/ GET-request: {}
2022-02-05 18:25:18,420 DEBUG    kuznetsov main.py /category-list/ GET-request: {}
2022-02-05 18:25:19,889 DEBUG    kuznetsov main.py /student-list/ GET-request: {}
2022-02-05 18:25:22,004 DEBUG    kuznetsov main.py /student-course-list/ GET-request: {'id': '2'}
2022-02-05 18:25:24,154 DEBUG    kuznetsov main.py /course-select/ GET-request: {'id': '2'}
2022-02-05 18:25:27,454 DEBUG    kuznetsov main.py /course-add-student/ GET-request: {'course_id': '9', 'student_id': '2'}
2022-02-05 18:25:29,472 DEBUG    kuznetsov main.py /student-list/ GET-request: {}
2022-02-05 18:25:31,306 DEBUG    kuznetsov main.py /student-course-list/ GET-request: {'id': '1'}
2022-02-05 18:25:32,472 DEBUG    kuznetsov main.py /course-select/ GET-request: {'id': '1'}
2022-02-05 18:25:33,856 DEBUG    kuznetsov main.py /course-add-student/ GET-request: {'course_id': '2', 'student_id': '1'}
2022-02-05 18:25:35,223 DEBUG    kuznetsov main.py /course-select/ GET-request: {'id': '1'}
2022-02-05 18:25:37,237 DEBUG    kuznetsov main.py /course-add-student/ GET-request: {'course_id': '8', 'student_id': '1'}
2022-02-05 18:25:38,822 DEBUG    kuznetsov main.py /course-select/ GET-request: {'id': '1'}
2022-02-05 18:25:41,205 DEBUG    kuznetsov main.py /course-add-student/ GET-request: {'course_id': '4', 'student_id': '1'}
2022-02-05 18:25:43,107 DEBUG    kuznetsov main.py /student-list/ GET-request: {}
2022-02-05 18:25:44,921 DEBUG    kuznetsov main.py /category-list/ GET-request: {}
