2022-02-02 21:24:57,417 DEBUG    kuznetsov views.py Started  Controller - list of categories  with request={'method': 'GET', 'request_params': {}, 'date': datetime.date(2022, 2, 2), 'key': 'key'}
2022-02-02 21:25:59,105 DEBUG    kuznetsov views.py Started  Controller - list of courses  with request={'method': 'GET', 'request_params': {'id': '1'}, 'date': datetime.date(2022, 2, 2), 'key': 'key'}
2022-02-02 21:26:02,210 DEBUG    kuznetsov views.py Started  Controller - copy course  with request={'method': 'GET', 'request_params': {'id': '2'}, 'date': datetime.date(2022, 2, 2), 'key': 'key'}
2022-02-02 21:27:10,631 DEBUG    kuznetsov views.py Started  Controller - copy course  with request={'method': 'GET', 'request_params': {'id': '2'}, 'date': datetime.date(2022, 2, 2), 'key': 'key'}
2022-02-02 21:27:13,989 DEBUG    kuznetsov views.py Started  Controller - list of Students  with request={'method': 'GET', 'request_params': {}, 'date': datetime.date(2022, 2, 2), 'key': 'key'}
2022-02-02 21:27:15,469 DEBUG    kuznetsov views.py Started  controller - list of student courses  with request={'method': 'GET', 'request_params': {'id': '2'}, 'date': datetime.date(2022, 2, 2), 'key': 'key'}
2022-02-02 21:27:17,389 DEBUG    kuznetsov views.py Started  Controller - a list of courses to add to the Student  with request={'method': 'GET', 'request_params': {'id': '2'}, 'date': datetime.date(2022, 2, 2), 'key': 'key'}
2022-02-02 21:27:19,094 DEBUG    kuznetsov views.py Started  Controller - adding a Course to a Student  with request={'method': 'GET', 'request_params': {'course_id': '3', 'student_id': '2'}, 'date': datetime.date(2022, 2, 2), 'key': 'key'}
2022-02-02 21:27:21,488 DEBUG    kuznetsov views.py Started  Controller - a list of courses to add to the Student  with request={'method': 'GET', 'request_params': {'id': '2'}, 'date': datetime.date(2022, 2, 2), 'key': 'key'}
2022-02-02 21:27:22,718 DEBUG    kuznetsov views.py Started  Controller - adding a Course to a Student  with request={'method': 'GET', 'request_params': {'course_id': '1', 'student_id': '2'}, 'date': datetime.date(2022, 2, 2), 'key': 'key'}
2022-02-02 21:27:24,886 DEBUG    kuznetsov views.py Started  Controller - list of Students  with request={'method': 'GET', 'request_params': {}, 'date': datetime.date(2022, 2, 2), 'key': 'key'}
2022-02-02 21:27:26,569 DEBUG    kuznetsov views.py Started  controller - list of student courses  with request={'method': 'GET', 'request_params': {'id': '1'}, 'date': datetime.date(2022, 2, 2), 'key': 'key'}
2022-02-02 21:27:27,652 DEBUG    kuznetsov views.py Started  Controller - a list of courses to add to the Student  with request={'method': 'GET', 'request_params': {'id': '1'}, 'date': datetime.date(2022, 2, 2), 'key': 'key'}
2022-02-02 21:27:29,370 DEBUG    kuznetsov views.py Started  Controller - adding a Course to a Student  with request={'method': 'GET', 'request_params': {'course_id': '4', 'student_id': '1'}, 'date': datetime.date(2022, 2, 2), 'key': 'key'}
2022-02-02 21:27:31,554 DEBUG    kuznetsov views.py Started  Controller - list of Students  with request={'method': 'GET', 'request_params': {}, 'date': datetime.date(2022, 2, 2), 'key': 'key'}
2022-02-02 21:27:33,385 DEBUG    kuznetsov views.py Started  Controller - create a student  with request={'method': 'GET', 'request_params': {}, 'date': datetime.date(2022, 2, 2), 'key': 'key'}
2022-02-02 21:27:43,032 DEBUG    kuznetsov views.py Started  Controller - create a student  with request={'method': 'POST', 'data': {'name': 'Иван Иванович'}, 'date': datetime.date(2022, 2, 2), 'key': 'key'}
2022-02-02 21:27:45,007 DEBUG    kuznetsov views.py Started  controller - list of student courses  with request={'method': 'GET', 'request_params': {'id': '3'}, 'date': datetime.date(2022, 2, 2), 'key': 'key'}
2022-02-02 21:27:46,392 DEBUG    kuznetsov views.py Started  Controller - a list of courses to add to the Student  with request={'method': 'GET', 'request_params': {'id': '3'}, 'date': datetime.date(2022, 2, 2), 'key': 'key'}
2022-02-02 21:27:47,727 DEBUG    kuznetsov views.py Started  Controller - adding a Course to a Student  with request={'method': 'GET', 'request_params': {'course_id': '2', 'student_id': '3'}, 'date': datetime.date(2022, 2, 2), 'key': 'key'}
2022-02-02 21:27:49,873 DEBUG    kuznetsov views.py Started  Controller - a list of courses to add to the Student  with request={'method': 'GET', 'request_params': {'id': '3'}, 'date': datetime.date(2022, 2, 2), 'key': 'key'}
2022-02-02 21:27:51,194 DEBUG    kuznetsov views.py Started  Controller - adding a Course to a Student  with request={'method': 'GET', 'request_params': {'course_id': '1', 'student_id': '3'}, 'date': datetime.date(2022, 2, 2), 'key': 'key'}
2022-02-02 21:27:52,508 DEBUG    kuznetsov views.py Started  Controller - a list of courses to add to the Student  with request={'method': 'GET', 'request_params': {'id': '3'}, 'date': datetime.date(2022, 2, 2), 'key': 'key'}
2022-02-02 21:27:53,510 DEBUG    kuznetsov views.py Started  Controller - adding a Course to a Student  with request={'method': 'GET', 'request_params': {'course_id': '6', 'student_id': '3'}, 'date': datetime.date(2022, 2, 2), 'key': 'key'}
2022-02-02 21:27:55,474 DEBUG    kuznetsov views.py Started  Controller - list of Students  with request={'method': 'GET', 'request_params': {}, 'date': datetime.date(2022, 2, 2), 'key': 'key'}
2022-02-02 21:27:58,588 DEBUG    kuznetsov views.py Started  controller - list of student courses  with request={'method': 'GET', 'request_params': {'id': '1'}, 'date': datetime.date(2022, 2, 2), 'key': 'key'}
2022-02-02 21:28:01,479 DEBUG    kuznetsov views.py Started  Controller - a list of courses to add to the Student  with request={'method': 'GET', 'request_params': {'id': '1'}, 'date': datetime.date(2022, 2, 2), 'key': 'key'}
2022-02-02 21:28:02,875 DEBUG    kuznetsov views.py Started  Controller - adding a Course to a Student  with request={'method': 'GET', 'request_params': {'course_id': '3', 'student_id': '1'}, 'date': datetime.date(2022, 2, 2), 'key': 'key'}
2022-02-02 21:28:04,944 DEBUG    kuznetsov views.py Started  Controller - list of Students  with request={'method': 'GET', 'request_params': {}, 'date': datetime.date(2022, 2, 2), 'key': 'key'}
2022-02-02 21:28:08,271 DEBUG    kuznetsov views.py Started  controller - list of student courses  with request={'method': 'GET', 'request_params': {'id': '1'}, 'date': datetime.date(2022, 2, 2), 'key': 'key'}
2022-02-02 21:28:10,412 DEBUG    kuznetsov views.py Started  Controller - list of Students  with request={'method': 'GET', 'request_params': {}, 'date': datetime.date(2022, 2, 2), 'key': 'key'}
2022-02-02 21:28:11,554 DEBUG    kuznetsov views.py Started  controller - list of student courses  with request={'method': 'GET', 'request_params': {'id': '3'}, 'date': datetime.date(2022, 2, 2), 'key': 'key'}
2022-02-02 21:28:12,787 DEBUG    kuznetsov views.py Started  Controller - list of Students  with request={'method': 'GET', 'request_params': {}, 'date': datetime.date(2022, 2, 2), 'key': 'key'}
2022-02-02 21:28:24,267 DEBUG    kuznetsov views.py Started  Home page controller  with request={'method': 'GET', 'request_params': {}, 'date': datetime.date(2022, 2, 2), 'key': 'key'}
2022-02-02 21:28:26,350 DEBUG    kuznetsov views.py Started  Controller - list of Students  with request={'method': 'GET', 'request_params': {}, 'date': datetime.date(2022, 2, 2), 'key': 'key'}
2022-02-02 21:28:26,369 DEBUG    kuznetsov views.py Started  Controller 'about the project'  with request={'method': 'GET', 'request_params': {}, 'date': datetime.date(2022, 2, 2), 'key': 'key'}
2022-02-02 21:33:47,618 DEBUG    kuznetsov views.py Started  Controller - list of Students  with request={'method': 'GET', 'request_params': {}, 'date': datetime.date(2022, 2, 2), 'key': 'key'}
2022-02-02 21:33:49,820 DEBUG    kuznetsov views.py Started  controller - list of student courses  with request={'method': 'GET', 'request_params': {'id': '1'}, 'date': datetime.date(2022, 2, 2), 'key': 'key'}
2022-02-02 21:33:51,032 DEBUG    kuznetsov views.py Started  Controller - a list of courses to add to the Student  with request={'method': 'GET', 'request_params': {'id': '1'}, 'date': datetime.date(2022, 2, 2), 'key': 'key'}
2022-02-02 21:33:52,486 DEBUG    kuznetsov views.py Started  Controller - adding a Course to a Student  with request={'method': 'GET', 'request_params': {'course_id': '1', 'student_id': '1'}, 'date': datetime.date(2022, 2, 2), 'key': 'key'}
2022-02-02 21:33:54,118 DEBUG    kuznetsov views.py Started  Controller - a list of courses to add to the Student  with request={'method': 'GET', 'request_params': {'id': '1'}, 'date': datetime.date(2022, 2, 2), 'key': 'key'}
2022-02-02 21:33:55,202 DEBUG    kuznetsov views.py Started  Controller - adding a Course to a Student  with request={'method': 'GET', 'request_params': {'course_id': '4', 'student_id': '1'}, 'date': datetime.date(2022, 2, 2), 'key': 'key'}
2022-02-02 21:33:57,618 DEBUG    kuznetsov views.py Started  Controller - list of Students  with request={'method': 'GET', 'request_params': {}, 'date': datetime.date(2022, 2, 2), 'key': 'key'}
2022-02-02 21:33:58,902 DEBUG    kuznetsov views.py Started  controller - list of student courses  with request={'method': 'GET', 'request_params': {'id': '2'}, 'date': datetime.date(2022, 2, 2), 'key': 'key'}
2022-02-02 21:34:00,533 DEBUG    kuznetsov views.py Started  Controller - a list of courses to add to the Student  with request={'method': 'GET', 'request_params': {'id': '2'}, 'date': datetime.date(2022, 2, 2), 'key': 'key'}
2022-02-02 21:34:01,487 DEBUG    kuznetsov views.py Started  Controller - adding a Course to a Student  with request={'method': 'GET', 'request_params': {'course_id': '1', 'student_id': '2'}, 'date': datetime.date(2022, 2, 2), 'key': 'key'}
2022-02-02 21:34:03,148 DEBUG    kuznetsov views.py Started  Controller - list of Students  with request={'method': 'GET', 'request_params': {}, 'date': datetime.date(2022, 2, 2), 'key': 'key'}
2022-02-02 21:34:04,269 DEBUG    kuznetsov views.py Started  Controller - list of categories  with request={'method': 'GET', 'request_params': {}, 'date': datetime.date(2022, 2, 2), 'key': 'key'}
2022-02-02 21:34:06,474 DEBUG    kuznetsov views.py Started  Controller - create a category  with request={'method': 'GET', 'request_params': {}, 'date': datetime.date(2022, 2, 2), 'key': 'key'}
2022-02-02 21:34:10,398 DEBUG    kuznetsov views.py Started  Controller - create a category  with request={'method': 'POST', 'data': {'name': 'rrrrRrrRrR'}, 'date': datetime.date(2022, 2, 2), 'key': 'key'}
2022-02-02 21:34:12,687 DEBUG    kuznetsov views.py Started  Controller - list of courses  with request={'method': 'GET', 'request_params': {'id': '3'}, 'date': datetime.date(2022, 2, 2), 'key': 'key'}
2022-02-02 21:34:13,816 DEBUG    kuznetsov views.py Started  Controller - creating a course  with request={'method': 'GET', 'request_params': {'id': '3'}, 'date': datetime.date(2022, 2, 2), 'key': 'key'}
2022-02-02 21:34:18,165 DEBUG    kuznetsov views.py Started  Controller - creating a course  with request={'method': 'POST', 'data': {'name': 'kjnlkjnlknj'}, 'date': datetime.date(2022, 2, 2), 'key': 'key'}
2022-02-02 21:34:20,084 DEBUG    kuznetsov views.py Started  Controller - copy course  with request={'method': 'GET', 'request_params': {'id': '5'}, 'date': datetime.date(2022, 2, 2), 'key': 'key'}
2022-02-02 21:34:22,750 DEBUG    kuznetsov views.py Started  Controller - list of categories  with request={'method': 'GET', 'request_params': {}, 'date': datetime.date(2022, 2, 2), 'key': 'key'}
2022-02-02 21:34:25,597 DEBUG    kuznetsov views.py Started  Controller - list of courses  with request={'method': 'GET', 'request_params': {'id': '3'}, 'date': datetime.date(2022, 2, 2), 'key': 'key'}
2022-02-02 21:34:30,035 DEBUG    kuznetsov views.py Started  Controller - list of categories  with request={'method': 'GET', 'request_params': {}, 'date': datetime.date(2022, 2, 2), 'key': 'key'}
2022-02-02 21:34:30,053 DEBUG    kuznetsov views.py Started  Controller - list of categories  with request={'method': 'GET', 'request_params': {}, 'date': datetime.date(2022, 2, 2), 'key': 'key'}
2022-02-02 21:34:31,229 DEBUG    kuznetsov views.py Started  Controller - creating a course  with request={'method': 'GET', 'request_params': {'id': '3'}, 'date': datetime.date(2022, 2, 2), 'key': 'key'}
2022-02-02 21:34:36,115 DEBUG    kuznetsov views.py Started  Controller - creating a course  with request={'method': 'POST', 'data': {'name': 'sdewfewwefew111'}, 'date': datetime.date(2022, 2, 2), 'key': 'key'}
2022-02-02 21:34:39,750 DEBUG    kuznetsov views.py Started  Controller - list of categories  with request={'method': 'GET', 'request_params': {}, 'date': datetime.date(2022, 2, 2), 'key': 'key'}
2022-02-02 21:34:39,762 DEBUG    kuznetsov views.py Started  Controller - list of categories  with request={'method': 'GET', 'request_params': {}, 'date': datetime.date(2022, 2, 2), 'key': 'key'}
2022-02-02 21:34:42,415 DEBUG    kuznetsov views.py Started  Controller - list of courses  with request={'method': 'GET', 'request_params': {'id': '3'}, 'date': datetime.date(2022, 2, 2), 'key': 'key'}
2022-02-02 21:34:44,568 DEBUG    kuznetsov views.py Started  Controller - list of Students  with request={'method': 'GET', 'request_params': {}, 'date': datetime.date(2022, 2, 2), 'key': 'key'}
2022-02-02 21:34:48,631 DEBUG    kuznetsov views.py Started  Controller - create a student  with request={'method': 'GET', 'request_params': {}, 'date': datetime.date(2022, 2, 2), 'key': 'key'}
2022-02-02 21:35:00,297 DEBUG    kuznetsov views.py Started  Controller - create a student  with request={'method': 'POST', 'data': {'name': 'Пупкин Александр'}, 'date': datetime.date(2022, 2, 2), 'key': 'key'}
2022-02-02 21:35:02,137 DEBUG    kuznetsov views.py Started  controller - list of student courses  with request={'method': 'GET', 'request_params': {'id': '3'}, 'date': datetime.date(2022, 2, 2), 'key': 'key'}
2022-02-02 21:35:03,916 DEBUG    kuznetsov views.py Started  Controller - a list of courses to add to the Student  with request={'method': 'GET', 'request_params': {'id': '3'}, 'date': datetime.date(2022, 2, 2), 'key': 'key'}
2022-02-02 21:35:05,378 DEBUG    kuznetsov views.py Started  Controller - adding a Course to a Student  with request={'method': 'GET', 'request_params': {'course_id': '2', 'student_id': '3'}, 'date': datetime.date(2022, 2, 2), 'key': 'key'}
2022-02-02 21:35:08,218 DEBUG    kuznetsov views.py Started  Controller - list of Students  with request={'method': 'GET', 'request_params': {}, 'date': datetime.date(2022, 2, 2), 'key': 'key'}
2022-02-02 21:39:54,469 DEBUG    kuznetsov views.py Started  Controller - list of Students  with request={'method': 'GET', 'request_params': {}, 'date': datetime.date(2022, 2, 2), 'key': 'key'}
2022-02-02 21:39:56,265 DEBUG    kuznetsov views.py Started  Controller - list of categories  with request={'method': 'GET', 'request_params': {}, 'date': datetime.date(2022, 2, 2), 'key': 'key'}
2022-02-02 21:47:07,011 DEBUG    kuznetsov views.py Started  Controller - list of Students  with request={'method': 'GET', 'request_params': {}, 'date': datetime.date(2022, 2, 2), 'key': 'key'}
2022-02-02 21:47:09,854 DEBUG    kuznetsov views.py Started  Controller - list of categories  with request={'method': 'GET', 'request_params': {}, 'date': datetime.date(2022, 2, 2), 'key': 'key'}
2022-02-02 21:47:09,889 DEBUG    kuznetsov views.py Started  Controller - list of categories  with request={'method': 'GET', 'request_params': {}, 'date': datetime.date(2022, 2, 2), 'key': 'key'}
2022-02-02 21:47:11,445 DEBUG    kuznetsov views.py Started  Controller - list of courses  with request={'method': 'GET', 'request_params': {'id': '2'}, 'date': datetime.date(2022, 2, 2), 'key': 'key'}
2022-02-02 21:47:12,772 DEBUG    kuznetsov views.py Started  Controller - copy course  with request={'method': 'GET', 'request_params': {'id': '4'}, 'date': datetime.date(2022, 2, 2), 'key': 'key'}
2022-02-02 21:47:14,376 DEBUG    kuznetsov views.py Started  Controller - copy course  with request={'method': 'GET', 'request_params': {'id': '5'}, 'date': datetime.date(2022, 2, 2), 'key': 'key'}
2022-02-02 21:47:15,377 DEBUG    kuznetsov views.py Started  Controller - copy course  with request={'method': 'GET', 'request_params': {'id': '6'}, 'date': datetime.date(2022, 2, 2), 'key': 'key'}
2022-02-02 21:47:17,737 DEBUG    kuznetsov views.py Started  Controller - list of Students  with request={'method': 'GET', 'request_params': {}, 'date': datetime.date(2022, 2, 2), 'key': 'key'}
2022-02-02 21:47:18,773 DEBUG    kuznetsov views.py Started  controller - list of student courses  with request={'method': 'GET', 'request_params': {'id': '2'}, 'date': datetime.date(2022, 2, 2), 'key': 'key'}
2022-02-02 21:47:20,243 DEBUG    kuznetsov views.py Started  Controller - a list of courses to add to the Student  with request={'method': 'GET', 'request_params': {'id': '2'}, 'date': datetime.date(2022, 2, 2), 'key': 'key'}
2022-02-02 21:47:21,570 DEBUG    kuznetsov views.py Started  Controller - adding a Course to a Student  with request={'method': 'GET', 'request_params': {'course_id': '7', 'student_id': '2'}, 'date': datetime.date(2022, 2, 2), 'key': 'key'}
2022-02-02 21:47:25,019 DEBUG    kuznetsov views.py Started  Controller - list of Students  with request={'method': 'GET', 'request_params': {}, 'date': datetime.date(2022, 2, 2), 'key': 'key'}
2022-02-02 21:47:27,471 DEBUG    kuznetsov views.py Started  controller - list of student courses  with request={'method': 'GET', 'request_params': {'id': '2'}, 'date': datetime.date(2022, 2, 2), 'key': 'key'}
2022-02-02 21:47:28,378 DEBUG    kuznetsov views.py Started  Controller - a list of courses to add to the Student  with request={'method': 'GET', 'request_params': {'id': '2'}, 'date': datetime.date(2022, 2, 2), 'key': 'key'}
2022-02-02 21:47:29,787 DEBUG    kuznetsov views.py Started  Controller - adding a Course to a Student  with request={'method': 'GET', 'request_params': {'course_id': '2', 'student_id': '2'}, 'date': datetime.date(2022, 2, 2), 'key': 'key'}
